[skerlty.netlify.app/index-demo-1.html]
[backblue.gif]
[fade.gif]
[index.html]
[skerlty.netlify.app/img/core-img/favicon.ico]
[skerlty.netlify.app/css/style.css]
[skerlty.netlify.app/css/responsive.css]
[skerlty.netlify.app/img/core-img/logo.png]
[skerlty.netlify.app/index-demo-2.html]
[skerlty.netlify.app/index-demo-3.html]
[skerlty.netlify.app/index-demo-4.html]
[skerlty.netlify.app/index-demo-5.html]
[skerlty.netlify.app/index-demo-6.html]
[skerlty.netlify.app/about-us.html]
[skerlty.netlify.app/services.html]
[skerlty.netlify.app/faq.html]
[skerlty.netlify.app/index-blog.html]
[skerlty.netlify.app/index-blog-with-sidebar.html]
[skerlty.netlify.app/index-single-blog.html]
[skerlty.netlify.app/contact-us.html]
[skerlty.netlify.app/img/icons/n3.png]
[skerlty.netlify.app/img/icons/n5.png]
[skerlty.netlify.app/img/icons/n7.png]
[skerlty.netlify.app/img/icons/n6.png]
[skerlty.netlify.app/img/core-img/about-sec1.png]
[skerlty.netlify.app/img/icons/s55.png]
[skerlty.netlify.app/img/icons/check.png]
[skerlty.netlify.app/img/icons/s4.png]
[skerlty.netlify.app/img/icons/s1.png]
[skerlty.netlify.app/img/icons/s2.png]
[skerlty.netlify.app/img/icons/s3.png]
[skerlty.netlify.app/img/icons/s5.png]
[skerlty.netlify.app/img/icons/s6.png]
[skerlty.netlify.app/img/icons/h1.png]
[skerlty.netlify.app/img/icons/h2.png]
[skerlty.netlify.app/img/icons/h3.png]
[skerlty.netlify.app/img/core-img/about-sec2.jpg]
[skerlty.netlify.app/img/icons/info1.png]
[skerlty.netlify.app/img/icons/info2.png]
[skerlty.netlify.app/img/icons/info3.png]
[skerlty.netlify.app/img/services/blog1.jpg]
[skerlty.netlify.app/img/services/blog2.jpg]
[skerlty.netlify.app/img/services/blog3.jpg]
[skerlty.netlify.app/img/test-img/1.jpg]
[skerlty.netlify.app/img/test-img/2.jpg]
[skerlty.netlify.app/img/test-img/3.jpg]
[skerlty.netlify.app/js/jquery.min.js]
[skerlty.netlify.app/js/popper.min.js]
[skerlty.netlify.app/js/bootstrap.min.js]
[skerlty.netlify.app/js/plugins.js]
[skerlty.netlify.app/js/script.js]
[skerlty.netlify.app/index-demo-1.html]
[skerlty.netlify.app/css/bootstrap.min.css]
[skerlty.netlify.app/css/animate.css]
[skerlty.netlify.app/css/owl.carousel.min.css]
[skerlty.netlify.app/css/magnific-popup.css]
[skerlty.netlify.app/css/animated-headline.css]
[skerlty.netlify.app/css/font-awesome.min.css]
[skerlty.netlify.app/css/themify-icons.css]
[skerlty.netlify.app/img/core-img/shape1.37.delayed]
[skerlty.netlify.app/img/svg/bg-header1.38.delayed]
[skerlty.netlify.app/img/bg-img/wavy-bg.png]
[skerlty.netlify.app/img/core-img/map.png]
[skerlty.netlify.app/img/svg/diamond-shape.3b.delayed]
[skerlty.netlify.app/img/bg-img/header2.jpg]
[skerlty.netlify.app/img/bg-img/header4.png]
[skerlty.netlify.app/img/bg-img/demo-bg.3e.delayed]
[skerlty.netlify.app/img/bg-img/header5.3f.delayed]
[skerlty.netlify.app/img/bg-img/ai1.jpg]
[skerlty.netlify.app/img/bg-img/ai2.png]
[skerlty.netlify.app/img/bg-img/bg1.jpg]
[skerlty.netlify.app/img/bg-img/bg-4.jpg]
[skerlty.netlify.app/img/core-img/bonus-percent.png]
[skerlty.netlify.app/img/core-img/demo-before.45.delayed]
[skerlty.netlify.app/img/svg/bg_hero.svg]
[skerlty.netlify.app/img/svg/bg_hero1.47.delayed]
[skerlty.netlify.app/img/svg/bg_hero2.48.delayed]
[skerlty.netlify.app/img/bg-img/header3.49.delayed]
[skerlty.netlify.app/img/bg-img/banner-bg.4a.delayed]
[skerlty.netlify.app/img/bg-img/tringle.4b.delayed]
[skerlty.netlify.app/img/bg-img/header2.4c.delayed]
[skerlty.netlify.app/img/bg-img/trans.4d.delayed]
[skerlty.netlify.app/img/bg-img/blue-bg.png]
[skerlty.netlify.app/img/core-img/hero-bg.4f.delayed]
[skerlty.netlify.app/img/core-img/robot-1.50.delayed]
[skerlty.netlify.app/img/core-img/robot-2.51.delayed]
[skerlty.netlify.app/img/svg/head-bg-1.52.delayed]
[skerlty.netlify.app/img/bg-img/header-1.53.delayed]
[skerlty.netlify.app/img/core-img/video-btn-bg.54.delayed]
[skerlty.netlify.app/img/svg/hex-pattern.svg]
[skerlty.netlify.app/img/core-img/about-1.57.delayed]
[skerlty.netlify.app/img/core-img/faq.58.delayed]
[skerlty.netlify.app/img/core-img/saas4.59.delayed]
[skerlty.netlify.app/img/core-img/travel.5a.delayed]
[skerlty.netlify.app/img/core-img/pizza-header.5b.delayed]
[skerlty.netlify.app/css/video/video-frame.5d.delayed]
[skerlty.netlify.app/img/svg/section-bg.5e.delayed]
[skerlty.netlify.app/img/bg-img/section-bg.5f.delayed]
[skerlty.netlify.app/img/bg-img/header6.60.delayed]
[skerlty.netlify.app/img/bg-img/about-sec.61.delayed]
[skerlty.netlify.app/img/svg/ai-illustration.62.delayed]
[skerlty.netlify.app/img/bg-img/bread-bg.png]
[skerlty.netlify.app/img/svg/checkmark.svg]
[skerlty.netlify.app/img/core-img/cards-bg.png]
[skerlty.netlify.app/img/core-img/wave-shap.66.delayed]
[skerlty.netlify.app/img/bg-img/footer-bg.png]
[skerlty.netlify.app/img/svg/download-bg2.svg]
[skerlty.netlify.app/img/svg/download-bg3.svg]
[skerlty.netlify.app/img/svg/pdf.6a.delayed]
[skerlty.netlify.app/img/svg/view.6b.delayed]
[skerlty.netlify.app/css/style.css]
[skerlty.netlify.app/css/responsive.css]
[skerlty.netlify.app/img/core-img/about1.png]
[skerlty.netlify.app/index-demo-2.html]
[skerlty.netlify.app/img/partners/1.png]
[skerlty.netlify.app/img/partners/2.png]
[skerlty.netlify.app/img/partners/3.png]
[skerlty.netlify.app/img/partners/4.png]
[skerlty.netlify.app/img/partners/5.png]
[skerlty.netlify.app/index-demo-3.html]
[skerlty.netlify.app/index-demo-4.html]
[skerlty.netlify.app/img/partners/6.png]
[skerlty.netlify.app/img/icons/n1.png]
[skerlty.netlify.app/img/icons/n2.png]
[skerlty.netlify.app/index-demo-5.html]
[skerlty.netlify.app/index-demo-6.html]
[skerlty.netlify.app/img/icons/n4.png]
[skerlty.netlify.app/about-us.html]
[skerlty.netlify.app/services.html]
[skerlty.netlify.app/faq.html]
[skerlty.netlify.app/img/core-img/pattern.png]
[skerlty.netlify.app/img/blog-img/1.jpg]
[skerlty.netlify.app/img/blog-img/2.jpg]
[skerlty.netlify.app/img/blog-img/3.jpg]
[skerlty.netlify.app/img/core-img/footer-bg1.7a.delayed]
[skerlty.netlify.app/index-blog.html]
[skerlty.netlify.app/index-blog-with-sidebar.html]
[skerlty.netlify.app/index-single-blog.html]
[skerlty.netlify.app/contact-us.html]
[skerlty.netlify.app/css/bootstrap.min.css]
[skerlty.netlify.app/css/animate.css]
[skerlty.netlify.app/css/owl.video.play.7b.delayed]
[skerlty.netlify.app/css/owl.carousel.min.css]
[skerlty.netlify.app/css/magnific-popup.css]
[skerlty.netlify.app/css/animated-headline.css]
[skerlty.netlify.app/fonts/fontawesome-webfont3e6e3e6e.eot]
[skerlty.netlify.app/fonts/fontawesome-webfontd41dd41d.eot]
[skerlty.netlify.app/fonts/fontawesome-webfont3e6e3e6e.woff2]
[skerlty.netlify.app/fonts/fontawesome-webfont3e6e3e6e.woff]
[skerlty.netlify.app/fonts/fontawesome-webfont3e6e3e6e.ttf]
[skerlty.netlify.app/css/font-awesome.min.css]
[skerlty.netlify.app/fonts/fontawesome-webfont3e6e3e6e.svg]
[skerlty.netlify.app/fonts/themify9f249f24.eot]
[skerlty.netlify.app/fonts/themifyd41dd41d.eot]
[skerlty.netlify.app/fonts/themify9f249f24.woff]
[skerlty.netlify.app/fonts/themify9f249f24.ttf]
[skerlty.netlify.app/css/themify-icons.css]
[skerlty.netlify.app/img/core-img/shape1.html]
[skerlty.netlify.app/img/svg/bg-header1.html]
[skerlty.netlify.app/img/svg/diamond-shape.html]
[skerlty.netlify.app/img/bg-img/demo-bg.html]
[skerlty.netlify.app/img/bg-img/header5.html]
[skerlty.netlify.app/img/core-img/demo-before.html]
[skerlty.netlify.app/img/svg/bg_hero.svg]
[skerlty.netlify.app/img/svg/bg_hero1.html]
[skerlty.netlify.app/img/svg/bg_hero2.html]
[skerlty.netlify.app/img/bg-img/header3.html]
[skerlty.netlify.app/img/bg-img/banner-bg.html]
[skerlty.netlify.app/img/bg-img/tringle.html]
[skerlty.netlify.app/img/bg-img/header2.html]
[skerlty.netlify.app/img/bg-img/trans.html]
[skerlty.netlify.app/img/core-img/hero-bg.html]
[skerlty.netlify.app/img/core-img/robot-1.html]
[skerlty.netlify.app/img/core-img/robot-2.html]
[skerlty.netlify.app/img/svg/head-bg-1.html]
[skerlty.netlify.app/img/bg-img/header-1.html]
[skerlty.netlify.app/img/core-img/video-btn-bg.html]
[skerlty.netlify.app/img/svg/benefits-bg.svg]
[skerlty.netlify.app/img/svg/hex-pattern.svg]
[skerlty.netlify.app/img/core-img/about-1.html]
[skerlty.netlify.app/img/core-img/faq.html]
[skerlty.netlify.app/img/core-img/saas4.html]
[skerlty.netlify.app/img/core-img/travel.html]
[skerlty.netlify.app/img/core-img/pizza-header.html]
[skerlty.netlify.app/img/svg/hex-pattern2.svg]
[skerlty.netlify.app/css/video/video-frame.html]
[skerlty.netlify.app/img/svg/section-bg.html]
[skerlty.netlify.app/img/bg-img/section-bg.html]
[skerlty.netlify.app/img/bg-img/header6.html]
[skerlty.netlify.app/img/bg-img/about-sec.html]
[skerlty.netlify.app/img/svg/ai-illustration.html]
[skerlty.netlify.app/img/svg/checkmark.svg]
[skerlty.netlify.app/img/core-img/wave-shap.html]
[skerlty.netlify.app/img/svg/download-bg2.svg]
[skerlty.netlify.app/img/svg/download-bg3.svg]
[skerlty.netlify.app/img/svg/pdf.html]
[skerlty.netlify.app/img/svg/view.html]
[skerlty.netlify.app/img/core-img/footer-bg1.html]
[skerlty.netlify.app/css/owl.video.play.html]
[skerlty.netlify.app/fonts/fontawesome-webfont3e6e3e6e.svg]
[skerlty.netlify.app/fonts/themify9f249f24.svg]
[skerlty.netlify.app/fonts/themify9f249f24.svg]
